[2021-12-25 21:55:16] [info]  [10796] Apache Commons Daemon procrun (1.2.4.0 64-bit) started.
[2021-12-25 21:55:16] [info]  [10796] Running Service 'Tomcat9'...
[2021-12-25 21:55:16] [info]  [ 5568] Starting service...
[2021-12-25 21:55:16] [error] [ 5568] Invalid RuntimeLib specified 'D:\Software\JavaJDK\java1.8\bin\server\jvm.dll'
[2021-12-25 21:55:16] [error] [ 5568] 系统找不到指定的路径。
[2021-12-25 21:55:16] [error] [ 5568] Failed to load JVM DLL 'D:\Software\JavaJDK\java1.8\bin\server\jvm.dll', home ''.
[2021-12-25 21:55:16] [error] [ 5568] 系统找不到指定的路径。
[2021-12-25 21:55:16] [error] [ 5568] Failed creating Java 'D:\Software\JavaJDK\java1.8\bin\server\jvm.dll'.
[2021-12-25 21:55:16] [error] [ 5568] 系统找不到指定的路径。
[2021-12-25 21:55:16] [error] [ 5568] ServiceStart returned 1.
[2021-12-25 21:55:16] [error] [ 5568] 系统找不到指定的路径。
[2021-12-25 21:55:16] [info]  [10796] Run service finished.
[2021-12-25 21:55:16] [info]  [10796] Apache Commons Daemon procrun finished.
[2021-12-25 21:56:20] [info]  [13272] Apache Commons Daemon procrun (1.2.4.0 64-bit) started.
[2021-12-25 21:56:20] [info]  [13272] Running Service 'Tomcat9'...
[2021-12-25 21:56:20] [info]  [ 4984] Starting service...
[2021-12-25 21:56:20] [error] [ 4984] Invalid RuntimeLib specified 'D:\Software\JavaJDK\jdk1.8.0_311\bin\server\jvm.dll'
[2021-12-25 21:56:20] [error] [ 4984] 系统找不到指定的路径。
[2021-12-25 21:56:20] [error] [ 4984] Failed to load JVM DLL 'D:\Software\JavaJDK\jdk1.8.0_311\bin\server\jvm.dll', home ''.
[2021-12-25 21:56:20] [error] [ 4984] 系统找不到指定的路径。
[2021-12-25 21:56:20] [error] [ 4984] Failed creating Java 'D:\Software\JavaJDK\jdk1.8.0_311\bin\server\jvm.dll'.
[2021-12-25 21:56:20] [error] [ 4984] 系统找不到指定的路径。
[2021-12-25 21:56:20] [error] [ 4984] ServiceStart returned 1.
[2021-12-25 21:56:20] [error] [ 4984] 系统找不到指定的路径。
[2021-12-25 21:56:20] [info]  [13272] Run service finished.
[2021-12-25 21:56:20] [info]  [13272] Apache Commons Daemon procrun finished.
[2021-12-25 21:57:50] [info]  [12748] Apache Commons Daemon procrun (1.2.4.0 64-bit) started.
[2021-12-25 21:57:50] [info]  [12748] Running Service 'Tomcat9'...
[2021-12-25 21:57:50] [info]  [ 7272] Starting service...
[2021-12-25 21:57:52] [info]  [ 7272] Service started in 1776 milliseconds.
[2021-12-27 15:07:41] [info]  [10384] Console SHUTDOWN event signaled.
[2021-12-27 15:07:41] [info]  [10384] Stopping service...
[2021-12-27 15:07:42] [info]  [10384] Service stop thread completed.
[2021-12-27 15:07:42] [info]  [12748] Run service finished.
[2021-12-27 15:07:42] [info]  [12748] Apache Commons Daemon procrun finished.
