24-Dec-2021 16:36:37.160 信息 [Thread-3] org.apache.coyote.AbstractProtocol.pause 暂停ProtocolHandler["http-nio-8080"]
24-Dec-2021 16:36:37.239 信息 [Thread-3] org.apache.catalina.core.StandardService.stopInternal 正在停止服务[Catalina]
24-Dec-2021 16:36:37.301 信息 [Thread-3] org.apache.coyote.AbstractProtocol.stop 正在停止ProtocolHandler ["http-nio-8080"]
24-Dec-2021 16:36:37.367 信息 [Thread-3] org.apache.coyote.AbstractProtocol.destroy 正在摧毁协议处理器 ["http-nio-8080"]
24-Dec-2021 20:48:21.986 信息 [main] org.apache.catalina.startup.VersionLoggerListener.log Server.服务器版本: Apache Tomcat/9.0.54
24-Dec-2021 20:48:21.993 信息 [main] org.apache.catalina.startup.VersionLoggerListener.log 服务器构建:        Sep 28 2021 13:51:49 UTC
24-Dec-2021 20:48:22.003 信息 [main] org.apache.catalina.startup.VersionLoggerListener.log 服务器版本号:      9.0.54.0
24-Dec-2021 20:48:22.003 信息 [main] org.apache.catalina.startup.VersionLoggerListener.log 操作系统名称:      Windows 10
24-Dec-2021 20:48:22.004 信息 [main] org.apache.catalina.startup.VersionLoggerListener.log OS.版本:           10.0
24-Dec-2021 20:48:22.004 信息 [main] org.apache.catalina.startup.VersionLoggerListener.log 架构:              amd64
24-Dec-2021 20:48:22.004 信息 [main] org.apache.catalina.startup.VersionLoggerListener.log Java 环境变量:     D:\Software\JavaJDK\Java1.8
24-Dec-2021 20:48:22.004 信息 [main] org.apache.catalina.startup.VersionLoggerListener.log Java虚拟机版本:    1.8.0_311-b11
24-Dec-2021 20:48:22.005 信息 [main] org.apache.catalina.startup.VersionLoggerListener.log JVM.供应商:        Oracle Corporation
24-Dec-2021 20:48:22.005 信息 [main] org.apache.catalina.startup.VersionLoggerListener.log CATALINA_BASE:     D:\Software\tomcat9
24-Dec-2021 20:48:22.005 信息 [main] org.apache.catalina.startup.VersionLoggerListener.log CATALINA_HOME:     D:\Software\tomcat9
24-Dec-2021 20:48:22.006 信息 [main] org.apache.catalina.startup.VersionLoggerListener.log 命令行参数：       -Djava.util.logging.config.file=D:\Software\tomcat9\conf\logging.properties
24-Dec-2021 20:48:22.006 信息 [main] org.apache.catalina.startup.VersionLoggerListener.log 命令行参数：       -Djava.util.logging.manager=org.apache.juli.ClassLoaderLogManager
24-Dec-2021 20:48:22.006 信息 [main] org.apache.catalina.startup.VersionLoggerListener.log 命令行参数：       -Djdk.tls.ephemeralDHKeySize=2048
24-Dec-2021 20:48:22.006 信息 [main] org.apache.catalina.startup.VersionLoggerListener.log 命令行参数：       -Djava.protocol.handler.pkgs=org.apache.catalina.webresources
24-Dec-2021 20:48:22.006 信息 [main] org.apache.catalina.startup.VersionLoggerListener.log 命令行参数：       -Dignore.endorsed.dirs=
24-Dec-2021 20:48:22.007 信息 [main] org.apache.catalina.startup.VersionLoggerListener.log 命令行参数：       -Dcatalina.base=D:\Software\tomcat9
24-Dec-2021 20:48:22.007 信息 [main] org.apache.catalina.startup.VersionLoggerListener.log 命令行参数：       -Dcatalina.home=D:\Software\tomcat9
24-Dec-2021 20:48:22.007 信息 [main] org.apache.catalina.startup.VersionLoggerListener.log 命令行参数：       -Djava.io.tmpdir=D:\Software\tomcat9\temp
24-Dec-2021 20:48:22.017 信息 [main] org.apache.catalina.core.AprLifecycleListener.lifecycleEvent 在java.library.path:[D:\Software\JavaJDK\Java1.8\bin;C:\Windows\Sun\Java\bin;C:\Windows\system32;C:\Windows;C:\Windows\system32;C:\Windows;C:\Windows\System32\Wbem;C:\Windows\System32\WindowsPowerShell\v1.0\;C:\Windows\System32\OpenSSH\;C:\Program Files (x86)\NVIDIA Corporation\PhysX\Common;D:\Software\MATLAB\bin;C:\Program Files\dotnet\;D:\Software\Git\cmd;D:\Software\nodejs\;D:\Software\anaconda3\Scripts\;D:\Software\Python39\Scripts\;D:\Software\Python39\;D:\Software\anaconda3\Library\bin;D:\Software\anaconda3\Scripts;D:\Software\anaconda3;C:\Program Files\MySQL\MySQL Shell 8.0\bin\;C:\Users\hujunyao\AppData\Local\Microsoft\WindowsApps;C:\Program Files\Bandizip\;D:\Software\IntelliJ IDEA 2021.1\bin;D:\Software\Microsoft VS Code\bin;C:\Users\hujunyao\.dotnet\tools;C:\Users\hujunyao\AppData\Local\GitHubDesktop\bin;C:\Users\hujunyao\AppData\Roaming\npm;D:\Software\mingw64\bin;D:\Software\phpstudy_pro\Extensions\composer1.8.5;D:\Software\phpstudy_pro\Extensions\php\php7.3.4nts;D:\Software\JavaJDK\Java1.8\bin;D:\Software\JavaJDK\Java1.6\bin;;.]上找不到基于APR的Apache Tomcat本机库，该库允许在生产环境中获得最佳性能
24-Dec-2021 20:48:22.971 信息 [main] org.apache.coyote.AbstractProtocol.init 初始化协议处理器 ["http-nio-8080"]
24-Dec-2021 20:48:23.003 信息 [main] org.apache.catalina.startup.Catalina.load 服务器在[1265]毫秒内初始化
24-Dec-2021 20:48:23.062 信息 [main] org.apache.catalina.core.StandardService.startInternal 正在启动服务[Catalina]
24-Dec-2021 20:48:23.063 信息 [main] org.apache.catalina.core.StandardEngine.startInternal 正在启动 Servlet 引擎：[Apache Tomcat/9.0.54]
24-Dec-2021 20:48:23.080 信息 [main] org.apache.catalina.startup.HostConfig.deployDirectory 把web 应用程序部署到目录 [D:\Software\tomcat9\webapps\docs]
24-Dec-2021 20:48:23.692 警告 [main] org.apache.catalina.util.SessionIdGeneratorBase.createSecureRandom 使用[SHA1PRNG]创建会话ID生成的SecureRandom实例花费了[246]毫秒。
24-Dec-2021 20:48:23.716 信息 [main] org.apache.catalina.startup.HostConfig.deployDirectory Web应用程序目录[D:\Software\tomcat9\webapps\docs]的部署已在[636]毫秒内完成
24-Dec-2021 20:48:23.717 信息 [main] org.apache.catalina.startup.HostConfig.deployDirectory 把web 应用程序部署到目录 [D:\Software\tomcat9\webapps\manager]
24-Dec-2021 20:48:23.774 信息 [main] org.apache.catalina.startup.HostConfig.deployDirectory Web应用程序目录[D:\Software\tomcat9\webapps\manager]的部署已在[58]毫秒内完成
24-Dec-2021 20:48:23.774 信息 [main] org.apache.catalina.startup.HostConfig.deployDirectory 把web 应用程序部署到目录 [D:\Software\tomcat9\webapps\ROOT]
24-Dec-2021 20:48:23.808 信息 [main] org.apache.catalina.startup.HostConfig.deployDirectory Web应用程序目录[D:\Software\tomcat9\webapps\ROOT]的部署已在[34]毫秒内完成
24-Dec-2021 20:48:23.813 信息 [main] org.apache.coyote.AbstractProtocol.start 开始协议处理句柄["http-nio-8080"]
24-Dec-2021 20:48:23.841 信息 [main] org.apache.catalina.startup.Catalina.start [837]毫秒后服务器启动
24-Dec-2021 20:50:48.504 信息 [main] org.apache.catalina.startup.VersionLoggerListener.log Server.服务器版本: Apache Tomcat/9.0.54
24-Dec-2021 20:50:48.509 信息 [main] org.apache.catalina.startup.VersionLoggerListener.log 服务器构建:        Sep 28 2021 13:51:49 UTC
24-Dec-2021 20:50:48.512 信息 [main] org.apache.catalina.startup.VersionLoggerListener.log 服务器版本号:      9.0.54.0
24-Dec-2021 20:50:48.512 信息 [main] org.apache.catalina.startup.VersionLoggerListener.log 操作系统名称:      Windows 10
24-Dec-2021 20:50:48.512 信息 [main] org.apache.catalina.startup.VersionLoggerListener.log OS.版本:           10.0
24-Dec-2021 20:50:48.513 信息 [main] org.apache.catalina.startup.VersionLoggerListener.log 架构:              amd64
24-Dec-2021 20:50:48.513 信息 [main] org.apache.catalina.startup.VersionLoggerListener.log Java 环境变量:     D:\Software\JavaJDK\Java1.8
24-Dec-2021 20:50:48.513 信息 [main] org.apache.catalina.startup.VersionLoggerListener.log Java虚拟机版本:    1.8.0_311-b11
24-Dec-2021 20:50:48.513 信息 [main] org.apache.catalina.startup.VersionLoggerListener.log JVM.供应商:        Oracle Corporation
24-Dec-2021 20:50:48.513 信息 [main] org.apache.catalina.startup.VersionLoggerListener.log CATALINA_BASE:     D:\Software\tomcat9
24-Dec-2021 20:50:48.513 信息 [main] org.apache.catalina.startup.VersionLoggerListener.log CATALINA_HOME:     D:\Software\tomcat9
24-Dec-2021 20:50:48.514 信息 [main] org.apache.catalina.startup.VersionLoggerListener.log 命令行参数：       -Djava.util.logging.config.file=D:\Software\tomcat9\conf\logging.properties
24-Dec-2021 20:50:48.514 信息 [main] org.apache.catalina.startup.VersionLoggerListener.log 命令行参数：       -Djava.util.logging.manager=org.apache.juli.ClassLoaderLogManager
24-Dec-2021 20:50:48.514 信息 [main] org.apache.catalina.startup.VersionLoggerListener.log 命令行参数：       -Djdk.tls.ephemeralDHKeySize=2048
24-Dec-2021 20:50:48.515 信息 [main] org.apache.catalina.startup.VersionLoggerListener.log 命令行参数：       -Djava.protocol.handler.pkgs=org.apache.catalina.webresources
24-Dec-2021 20:50:48.515 信息 [main] org.apache.catalina.startup.VersionLoggerListener.log 命令行参数：       -Dignore.endorsed.dirs=
24-Dec-2021 20:50:48.515 信息 [main] org.apache.catalina.startup.VersionLoggerListener.log 命令行参数：       -Dcatalina.base=D:\Software\tomcat9
24-Dec-2021 20:50:48.515 信息 [main] org.apache.catalina.startup.VersionLoggerListener.log 命令行参数：       -Dcatalina.home=D:\Software\tomcat9
24-Dec-2021 20:50:48.516 信息 [main] org.apache.catalina.startup.VersionLoggerListener.log 命令行参数：       -Djava.io.tmpdir=D:\Software\tomcat9\temp
24-Dec-2021 20:50:48.524 信息 [main] org.apache.catalina.core.AprLifecycleListener.lifecycleEvent 在java.library.path:[D:\Software\JavaJDK\Java1.8\bin;C:\Windows\Sun\Java\bin;C:\Windows\system32;C:\Windows;C:\Windows\system32;C:\Windows;C:\Windows\System32\Wbem;C:\Windows\System32\WindowsPowerShell\v1.0\;C:\Windows\System32\OpenSSH\;C:\Program Files (x86)\NVIDIA Corporation\PhysX\Common;D:\Software\MATLAB\bin;C:\Program Files\dotnet\;D:\Software\Git\cmd;D:\Software\nodejs\;D:\Software\anaconda3\Scripts\;D:\Software\Python39\Scripts\;D:\Software\Python39\;D:\Software\anaconda3\Library\bin;D:\Software\anaconda3\Scripts;D:\Software\anaconda3;C:\Program Files\MySQL\MySQL Shell 8.0\bin\;C:\Users\hujunyao\AppData\Local\Microsoft\WindowsApps;C:\Program Files\Bandizip\;D:\Software\IntelliJ IDEA 2021.1\bin;D:\Software\Microsoft VS Code\bin;C:\Users\hujunyao\.dotnet\tools;C:\Users\hujunyao\AppData\Local\GitHubDesktop\bin;C:\Users\hujunyao\AppData\Roaming\npm;D:\Software\mingw64\bin;D:\Software\phpstudy_pro\Extensions\composer1.8.5;D:\Software\phpstudy_pro\Extensions\php\php7.3.4nts;D:\Software\JavaJDK\Java1.8\bin;D:\Software\JavaJDK\Java1.6\bin;;.]上找不到基于APR的Apache Tomcat本机库，该库允许在生产环境中获得最佳性能
24-Dec-2021 20:50:49.030 信息 [main] org.apache.coyote.AbstractProtocol.init 初始化协议处理器 ["http-nio-8080"]
24-Dec-2021 20:50:49.061 信息 [main] org.apache.catalina.startup.Catalina.load 服务器在[759]毫秒内初始化
24-Dec-2021 20:50:49.107 信息 [main] org.apache.catalina.core.StandardService.startInternal 正在启动服务[Catalina]
24-Dec-2021 20:50:49.107 信息 [main] org.apache.catalina.core.StandardEngine.startInternal 正在启动 Servlet 引擎：[Apache Tomcat/9.0.54]
24-Dec-2021 20:50:49.118 信息 [main] org.apache.catalina.startup.HostConfig.deployDirectory 把web 应用程序部署到目录 [D:\Software\tomcat9\webapps\docs]
24-Dec-2021 20:50:49.764 警告 [main] org.apache.catalina.util.SessionIdGeneratorBase.createSecureRandom 使用[SHA1PRNG]创建会话ID生成的SecureRandom实例花费了[387]毫秒。
24-Dec-2021 20:50:49.796 信息 [main] org.apache.catalina.startup.HostConfig.deployDirectory Web应用程序目录[D:\Software\tomcat9\webapps\docs]的部署已在[679]毫秒内完成
24-Dec-2021 20:50:49.814 信息 [main] org.apache.catalina.startup.HostConfig.deployDirectory 把web 应用程序部署到目录 [D:\Software\tomcat9\webapps\manager]
24-Dec-2021 20:50:49.867 信息 [main] org.apache.catalina.startup.HostConfig.deployDirectory Web应用程序目录[D:\Software\tomcat9\webapps\manager]的部署已在[53]毫秒内完成
24-Dec-2021 20:50:49.889 信息 [main] org.apache.catalina.startup.HostConfig.deployDirectory 把web 应用程序部署到目录 [D:\Software\tomcat9\webapps\ROOT]
24-Dec-2021 20:50:49.905 信息 [main] org.apache.catalina.startup.HostConfig.deployDirectory Web应用程序目录[D:\Software\tomcat9\webapps\ROOT]的部署已在[16]毫秒内完成
24-Dec-2021 20:50:49.943 信息 [main] org.apache.coyote.AbstractProtocol.start 开始协议处理句柄["http-nio-8080"]
24-Dec-2021 20:50:49.959 信息 [main] org.apache.catalina.startup.Catalina.start [898]毫秒后服务器启动
24-Dec-2021 20:51:53.772 信息 [main] org.apache.catalina.startup.VersionLoggerListener.log Server.服务器版本: Apache Tomcat/9.0.54
24-Dec-2021 20:51:53.783 信息 [main] org.apache.catalina.startup.VersionLoggerListener.log 服务器构建:        Sep 28 2021 13:51:49 UTC
24-Dec-2021 20:51:53.783 信息 [main] org.apache.catalina.startup.VersionLoggerListener.log 服务器版本号:      9.0.54.0
24-Dec-2021 20:51:53.785 信息 [main] org.apache.catalina.startup.VersionLoggerListener.log 操作系统名称:      Windows 10
24-Dec-2021 20:51:53.786 信息 [main] org.apache.catalina.startup.VersionLoggerListener.log OS.版本:           10.0
24-Dec-2021 20:51:53.786 信息 [main] org.apache.catalina.startup.VersionLoggerListener.log 架构:              amd64
24-Dec-2021 20:51:53.786 信息 [main] org.apache.catalina.startup.VersionLoggerListener.log Java 环境变量:     D:\Software\JavaJDK\java1.8
24-Dec-2021 20:51:53.786 信息 [main] org.apache.catalina.startup.VersionLoggerListener.log Java虚拟机版本:    1.8.0_311-b11
24-Dec-2021 20:51:53.787 信息 [main] org.apache.catalina.startup.VersionLoggerListener.log JVM.供应商:        Oracle Corporation
24-Dec-2021 20:51:53.787 信息 [main] org.apache.catalina.startup.VersionLoggerListener.log CATALINA_BASE:     D:\Software\tomcat9
24-Dec-2021 20:51:53.787 信息 [main] org.apache.catalina.startup.VersionLoggerListener.log CATALINA_HOME:     D:\Software\tomcat9
24-Dec-2021 20:51:53.788 信息 [main] org.apache.catalina.startup.VersionLoggerListener.log 命令行参数：       -Dcatalina.home=D:\Software\tomcat9
24-Dec-2021 20:51:53.788 信息 [main] org.apache.catalina.startup.VersionLoggerListener.log 命令行参数：       -Dcatalina.base=D:\Software\tomcat9
24-Dec-2021 20:51:53.788 信息 [main] org.apache.catalina.startup.VersionLoggerListener.log 命令行参数：       -Djava.io.tmpdir=D:\Software\tomcat9\temp
24-Dec-2021 20:51:53.788 信息 [main] org.apache.catalina.startup.VersionLoggerListener.log 命令行参数：       -Djava.util.logging.manager=org.apache.juli.ClassLoaderLogManager
24-Dec-2021 20:51:53.789 信息 [main] org.apache.catalina.startup.VersionLoggerListener.log 命令行参数：       -Djava.util.logging.config.file=D:\Software\tomcat9\conf\logging.properties
24-Dec-2021 20:51:53.789 信息 [main] org.apache.catalina.startup.VersionLoggerListener.log 命令行参数：       exit
24-Dec-2021 20:51:53.790 信息 [main] org.apache.catalina.startup.VersionLoggerListener.log 命令行参数：       abort
24-Dec-2021 20:51:53.790 信息 [main] org.apache.catalina.startup.VersionLoggerListener.log 命令行参数：       -Xms128m
24-Dec-2021 20:51:53.790 信息 [main] org.apache.catalina.startup.VersionLoggerListener.log 命令行参数：       -Xmx256m
24-Dec-2021 20:51:53.797 信息 [main] org.apache.catalina.core.AprLifecycleListener.lifecycleEvent 在java.library.path:[D:\Software\tomcat9\bin;C:\Windows\Sun\Java\bin;C:\Windows\system32;C:\Windows;D:\Software\JavaJDK\java1.8\bin;C:\Windows\system32;C:\Windows;C:\Windows\System32\Wbem;C:\Windows\System32\WindowsPowerShell\v1.0\;C:\Windows\System32\OpenSSH\;C:\Program Files (x86)\NVIDIA Corporation\PhysX\Common;D:\Software\MATLAB\bin;C:\Program Files\dotnet\;D:\Software\Git\cmd;D:\Software\nodejs\;D:\Software\anaconda3\Scripts\;D:\Software\Python39\Scripts\;D:\Software\Python39\;D:\Software\anaconda3\Library\bin;D:\Software\anaconda3\Scripts;D:\Software\anaconda3;C:\Program Files\MySQL\MySQL Shell 8.0\bin\;C:\Users\hujunyao\AppData\Local\Microsoft\WindowsApps;C:\Program Files\Bandizip\;D:\Software\IntelliJ IDEA 2021.1\bin;D:\Software\Microsoft VS Code\bin;C:\Users\hujunyao\.dotnet\tools;C:\Users\hujunyao\AppData\Local\GitHubDesktop\bin;C:\Users\hujunyao\AppData\Roaming\npm;D:\Software\mingw64\bin;D:\Software\phpstudy_pro\Extensions\composer1.8.5;D:\Software\phpstudy_pro\Extensions\php\php7.3.4nts;D:\Software\JavaJDK\Java1.8\bin;D:\Software\JavaJDK\Java1.6\bin;.]上找不到基于APR的Apache Tomcat本机库，该库允许在生产环境中获得最佳性能
24-Dec-2021 20:51:54.163 信息 [main] org.apache.coyote.AbstractProtocol.init 初始化协议处理器 ["http-nio-8080"]
24-Dec-2021 20:51:54.189 信息 [main] org.apache.catalina.startup.Catalina.load 服务器在[604]毫秒内初始化
24-Dec-2021 20:51:54.232 信息 [main] org.apache.catalina.core.StandardService.startInternal 正在启动服务[Catalina]
24-Dec-2021 20:51:54.232 信息 [main] org.apache.catalina.core.StandardEngine.startInternal 正在启动 Servlet 引擎：[Apache Tomcat/9.0.54]
24-Dec-2021 20:51:54.241 信息 [main] org.apache.catalina.startup.HostConfig.deployDirectory 把web 应用程序部署到目录 [D:\Software\tomcat9\webapps\docs]
24-Dec-2021 20:51:54.696 警告 [main] org.apache.catalina.util.SessionIdGeneratorBase.createSecureRandom 使用[SHA1PRNG]创建会话ID生成的SecureRandom实例花费了[197]毫秒。
24-Dec-2021 20:51:54.729 信息 [main] org.apache.catalina.startup.HostConfig.deployDirectory Web应用程序目录[D:\Software\tomcat9\webapps\docs]的部署已在[487]毫秒内完成
24-Dec-2021 20:51:54.730 信息 [main] org.apache.catalina.startup.HostConfig.deployDirectory 把web 应用程序部署到目录 [D:\Software\tomcat9\webapps\manager]
24-Dec-2021 20:51:54.768 信息 [main] org.apache.catalina.startup.HostConfig.deployDirectory Web应用程序目录[D:\Software\tomcat9\webapps\manager]的部署已在[37]毫秒内完成
24-Dec-2021 20:51:54.779 信息 [main] org.apache.catalina.startup.HostConfig.deployDirectory 把web 应用程序部署到目录 [D:\Software\tomcat9\webapps\ROOT]
24-Dec-2021 20:51:54.796 信息 [main] org.apache.catalina.startup.HostConfig.deployDirectory Web应用程序目录[D:\Software\tomcat9\webapps\ROOT]的部署已在[17]毫秒内完成
24-Dec-2021 20:51:54.802 信息 [main] org.apache.coyote.AbstractProtocol.start 开始协议处理句柄["http-nio-8080"]
24-Dec-2021 20:51:54.817 信息 [main] org.apache.catalina.startup.Catalina.start [626]毫秒后服务器启动
24-Dec-2021 20:51:56.084 信息 [Thread-4] org.apache.coyote.AbstractProtocol.pause 暂停ProtocolHandler["http-nio-8080"]
24-Dec-2021 20:51:56.423 信息 [Thread-4] org.apache.catalina.core.StandardService.stopInternal 正在停止服务[Catalina]
24-Dec-2021 20:51:56.439 信息 [Thread-4] org.apache.coyote.AbstractProtocol.stop 正在停止ProtocolHandler ["http-nio-8080"]
24-Dec-2021 20:51:56.468 信息 [Thread-4] org.apache.coyote.AbstractProtocol.destroy 正在摧毁协议处理器 ["http-nio-8080"]
24-Dec-2021 20:59:14.284 信息 [main] org.apache.catalina.startup.VersionLoggerListener.log Server.服务器版本: Apache Tomcat/9.0.54
24-Dec-2021 20:59:14.294 信息 [main] org.apache.catalina.startup.VersionLoggerListener.log 服务器构建:        Sep 28 2021 13:51:49 UTC
24-Dec-2021 20:59:14.294 信息 [main] org.apache.catalina.startup.VersionLoggerListener.log 服务器版本号:      9.0.54.0
24-Dec-2021 20:59:14.294 信息 [main] org.apache.catalina.startup.VersionLoggerListener.log 操作系统名称:      Windows 10
24-Dec-2021 20:59:14.294 信息 [main] org.apache.catalina.startup.VersionLoggerListener.log OS.版本:           10.0
24-Dec-2021 20:59:14.294 信息 [main] org.apache.catalina.startup.VersionLoggerListener.log 架构:              amd64
24-Dec-2021 20:59:14.294 信息 [main] org.apache.catalina.startup.VersionLoggerListener.log Java 环境变量:     D:\Software\JavaJDK\java1.8
24-Dec-2021 20:59:14.294 信息 [main] org.apache.catalina.startup.VersionLoggerListener.log Java虚拟机版本:    1.8.0_311-b11
24-Dec-2021 20:59:14.295 信息 [main] org.apache.catalina.startup.VersionLoggerListener.log JVM.供应商:        Oracle Corporation
24-Dec-2021 20:59:14.295 信息 [main] org.apache.catalina.startup.VersionLoggerListener.log CATALINA_BASE:     D:\Software\tomcat9
24-Dec-2021 20:59:14.295 信息 [main] org.apache.catalina.startup.VersionLoggerListener.log CATALINA_HOME:     D:\Software\tomcat9
24-Dec-2021 20:59:14.299 信息 [main] org.apache.catalina.startup.VersionLoggerListener.log 命令行参数：       -Dcatalina.home=D:\Software\tomcat9
24-Dec-2021 20:59:14.299 信息 [main] org.apache.catalina.startup.VersionLoggerListener.log 命令行参数：       -Dcatalina.base=D:\Software\tomcat9
24-Dec-2021 20:59:14.299 信息 [main] org.apache.catalina.startup.VersionLoggerListener.log 命令行参数：       -Djava.io.tmpdir=D:\Software\tomcat9\temp
24-Dec-2021 20:59:14.299 信息 [main] org.apache.catalina.startup.VersionLoggerListener.log 命令行参数：       -Djava.util.logging.manager=org.apache.juli.ClassLoaderLogManager
24-Dec-2021 20:59:14.300 信息 [main] org.apache.catalina.startup.VersionLoggerListener.log 命令行参数：       -Djava.util.logging.config.file=D:\Software\tomcat9\conf\logging.properties
24-Dec-2021 20:59:14.300 信息 [main] org.apache.catalina.startup.VersionLoggerListener.log 命令行参数：       exit
24-Dec-2021 20:59:14.300 信息 [main] org.apache.catalina.startup.VersionLoggerListener.log 命令行参数：       abort
24-Dec-2021 20:59:14.300 信息 [main] org.apache.catalina.startup.VersionLoggerListener.log 命令行参数：       -Xms128m
24-Dec-2021 20:59:14.300 信息 [main] org.apache.catalina.startup.VersionLoggerListener.log 命令行参数：       -Xmx256m
24-Dec-2021 20:59:14.309 信息 [main] org.apache.catalina.core.AprLifecycleListener.lifecycleEvent 在java.library.path:[D:\Software\tomcat9\bin;C:\Windows\Sun\Java\bin;C:\Windows\system32;C:\Windows;D:\Software\JavaJDK\java1.8\bin;C:\Windows\system32;C:\Windows;C:\Windows\System32\Wbem;C:\Windows\System32\WindowsPowerShell\v1.0\;C:\Windows\System32\OpenSSH\;C:\Program Files (x86)\NVIDIA Corporation\PhysX\Common;D:\Software\MATLAB\bin;C:\Program Files\dotnet\;D:\Software\Git\cmd;D:\Software\nodejs\;C:\Windows\ServiceProfiles\LocalService\AppData\Local\Microsoft\WindowsApps;.]上找不到基于APR的Apache Tomcat本机库，该库允许在生产环境中获得最佳性能
24-Dec-2021 20:59:14.833 信息 [main] org.apache.coyote.AbstractProtocol.init 初始化协议处理器 ["http-nio-8080"]
24-Dec-2021 20:59:14.867 信息 [main] org.apache.catalina.startup.Catalina.load 服务器在[896]毫秒内初始化
24-Dec-2021 20:59:14.912 信息 [main] org.apache.catalina.core.StandardService.startInternal 正在启动服务[Catalina]
24-Dec-2021 20:59:14.913 信息 [main] org.apache.catalina.core.StandardEngine.startInternal 正在启动 Servlet 引擎：[Apache Tomcat/9.0.54]
24-Dec-2021 20:59:14.923 信息 [main] org.apache.catalina.startup.HostConfig.deployDirectory 把web 应用程序部署到目录 [D:\Software\tomcat9\webapps\docs]
24-Dec-2021 20:59:15.379 警告 [main] org.apache.catalina.util.SessionIdGeneratorBase.createSecureRandom 使用[SHA1PRNG]创建会话ID生成的SecureRandom实例花费了[209]毫秒。
24-Dec-2021 20:59:15.400 信息 [main] org.apache.catalina.startup.HostConfig.deployDirectory Web应用程序目录[D:\Software\tomcat9\webapps\docs]的部署已在[477]毫秒内完成
24-Dec-2021 20:59:15.401 信息 [main] org.apache.catalina.startup.HostConfig.deployDirectory 把web 应用程序部署到目录 [D:\Software\tomcat9\webapps\manager]
24-Dec-2021 20:59:15.437 信息 [main] org.apache.catalina.startup.HostConfig.deployDirectory Web应用程序目录[D:\Software\tomcat9\webapps\manager]的部署已在[36]毫秒内完成
24-Dec-2021 20:59:15.437 信息 [main] org.apache.catalina.startup.HostConfig.deployDirectory 把web 应用程序部署到目录 [D:\Software\tomcat9\webapps\ROOT]
24-Dec-2021 20:59:15.455 信息 [main] org.apache.catalina.startup.HostConfig.deployDirectory Web应用程序目录[D:\Software\tomcat9\webapps\ROOT]的部署已在[18]毫秒内完成
24-Dec-2021 20:59:15.458 信息 [main] org.apache.coyote.AbstractProtocol.start 开始协议处理句柄["http-nio-8080"]
24-Dec-2021 20:59:15.477 信息 [main] org.apache.catalina.startup.Catalina.start [610]毫秒后服务器启动
