22-Dec-2021 14:00:22.872 信息 [main] org.apache.catalina.startup.VersionLoggerListener.log Server.服务器版本: Apache Tomcat/9.0.54
22-Dec-2021 14:00:22.877 信息 [main] org.apache.catalina.startup.VersionLoggerListener.log 服务器构建:        Sep 28 2021 13:51:49 UTC
22-Dec-2021 14:00:22.877 信息 [main] org.apache.catalina.startup.VersionLoggerListener.log 服务器版本号:      9.0.54.0
22-Dec-2021 14:00:22.877 信息 [main] org.apache.catalina.startup.VersionLoggerListener.log 操作系统名称:      Windows 10
22-Dec-2021 14:00:22.878 信息 [main] org.apache.catalina.startup.VersionLoggerListener.log OS.版本:           10.0
22-Dec-2021 14:00:22.878 信息 [main] org.apache.catalina.startup.VersionLoggerListener.log 架构:              amd64
22-Dec-2021 14:00:22.878 信息 [main] org.apache.catalina.startup.VersionLoggerListener.log Java 环境变量:     D:\Software\JavaJDK
22-Dec-2021 14:00:22.878 信息 [main] org.apache.catalina.startup.VersionLoggerListener.log Java虚拟机版本:    16+36-2231
22-Dec-2021 14:00:22.878 信息 [main] org.apache.catalina.startup.VersionLoggerListener.log JVM.供应商:        Oracle Corporation
22-Dec-2021 14:00:22.879 信息 [main] org.apache.catalina.startup.VersionLoggerListener.log CATALINA_BASE:     D:\Software\tomcat9
22-Dec-2021 14:00:22.879 信息 [main] org.apache.catalina.startup.VersionLoggerListener.log CATALINA_HOME:     D:\Software\tomcat9
22-Dec-2021 14:00:22.896 信息 [main] org.apache.catalina.startup.VersionLoggerListener.log 命令行参数：       -Dcatalina.home=D:\Software\tomcat9
22-Dec-2021 14:00:22.896 信息 [main] org.apache.catalina.startup.VersionLoggerListener.log 命令行参数：       -Dcatalina.base=D:\Software\tomcat9
22-Dec-2021 14:00:22.896 信息 [main] org.apache.catalina.startup.VersionLoggerListener.log 命令行参数：       -Djava.io.tmpdir=D:\Software\tomcat9\temp
22-Dec-2021 14:00:22.897 信息 [main] org.apache.catalina.startup.VersionLoggerListener.log 命令行参数：       -Djava.util.logging.manager=org.apache.juli.ClassLoaderLogManager
22-Dec-2021 14:00:22.897 信息 [main] org.apache.catalina.startup.VersionLoggerListener.log 命令行参数：       -Djava.util.logging.config.file=D:\Software\tomcat9\conf\logging.properties
22-Dec-2021 14:00:22.897 信息 [main] org.apache.catalina.startup.VersionLoggerListener.log 命令行参数：       --add-opens=java.base/java.lang=ALL-UNNAMED
22-Dec-2021 14:00:22.897 信息 [main] org.apache.catalina.startup.VersionLoggerListener.log 命令行参数：       --add-opens=java.base/java.io=ALL-UNNAMED
22-Dec-2021 14:00:22.897 信息 [main] org.apache.catalina.startup.VersionLoggerListener.log 命令行参数：       --add-opens=java.rmi/sun.rmi.transport=ALL-UNNAMED
22-Dec-2021 14:00:22.898 信息 [main] org.apache.catalina.startup.VersionLoggerListener.log 命令行参数：       exit
22-Dec-2021 14:00:22.898 信息 [main] org.apache.catalina.startup.VersionLoggerListener.log 命令行参数：       abort
22-Dec-2021 14:00:22.898 信息 [main] org.apache.catalina.startup.VersionLoggerListener.log 命令行参数：       -Xms128m
22-Dec-2021 14:00:22.898 信息 [main] org.apache.catalina.startup.VersionLoggerListener.log 命令行参数：       -Xmx256m
22-Dec-2021 14:00:22.903 信息 [main] org.apache.catalina.core.AprLifecycleListener.lifecycleEvent 在java.library.path:[D:\Software\tomcat9\bin;C:\Windows\Sun\Java\bin;C:\Windows\system32;C:\Windows;D:\Software\JavaJDK\bin;C:\Program Files\Common Files\Oracle\Java\javapath;C:\Windows\system32;C:\Windows;C:\Windows\System32\Wbem;C:\Windows\System32\WindowsPowerShell\v1.0\;C:\Windows\System32\OpenSSH\;C:\Program Files (x86)\NVIDIA Corporation\PhysX\Common;D:\Software\MATLAB\bin;C:\Program Files\dotnet\;D:\Software\Python;D:\Software\SDK\platform-tools;D:\Software\Git\cmd;D:\Software\nodejs\;C:\Windows\ServiceProfiles\LocalService\AppData\Local\Microsoft\WindowsApps;.]上找不到基于APR的Apache Tomcat本机库，该库允许在生产环境中获得最佳性能
22-Dec-2021 14:00:23.260 信息 [main] org.apache.coyote.AbstractProtocol.init 初始化协议处理器 ["http-nio-8080"]
22-Dec-2021 14:00:23.293 信息 [main] org.apache.catalina.startup.Catalina.load 服务器在[688]毫秒内初始化
22-Dec-2021 14:00:23.356 信息 [main] org.apache.catalina.core.StandardService.startInternal 正在启动服务[Catalina]
22-Dec-2021 14:00:23.356 信息 [main] org.apache.catalina.core.StandardEngine.startInternal 正在启动 Servlet 引擎：[Apache Tomcat/9.0.54]
22-Dec-2021 14:00:23.378 信息 [main] org.apache.catalina.startup.HostConfig.deployDirectory 把web 应用程序部署到目录 [D:\Software\tomcat9\webapps\docs]
22-Dec-2021 14:00:23.864 警告 [main] org.apache.catalina.util.SessionIdGeneratorBase.createSecureRandom 使用[SHA1PRNG]创建会话ID生成的SecureRandom实例花费了[145]毫秒。
22-Dec-2021 14:00:23.892 信息 [main] org.apache.catalina.startup.HostConfig.deployDirectory Web应用程序目录[D:\Software\tomcat9\webapps\docs]的部署已在[514]毫秒内完成
22-Dec-2021 14:00:23.892 信息 [main] org.apache.catalina.startup.HostConfig.deployDirectory 把web 应用程序部署到目录 [D:\Software\tomcat9\webapps\manager]
22-Dec-2021 14:00:23.961 信息 [main] org.apache.catalina.startup.HostConfig.deployDirectory Web应用程序目录[D:\Software\tomcat9\webapps\manager]的部署已在[68]毫秒内完成
22-Dec-2021 14:00:23.961 信息 [main] org.apache.catalina.startup.HostConfig.deployDirectory 把web 应用程序部署到目录 [D:\Software\tomcat9\webapps\ROOT]
22-Dec-2021 14:00:23.989 信息 [main] org.apache.catalina.startup.HostConfig.deployDirectory Web应用程序目录[D:\Software\tomcat9\webapps\ROOT]的部署已在[28]毫秒内完成
22-Dec-2021 14:00:23.995 信息 [main] org.apache.coyote.AbstractProtocol.start 开始协议处理句柄["http-nio-8080"]
22-Dec-2021 14:00:24.132 信息 [main] org.apache.catalina.startup.Catalina.start [839]毫秒后服务器启动
22-Dec-2021 19:11:44.615 信息 [Thread-3] org.apache.coyote.AbstractProtocol.pause 暂停ProtocolHandler["http-nio-8080"]
22-Dec-2021 19:11:44.788 信息 [Thread-3] org.apache.catalina.core.StandardService.stopInternal 正在停止服务[Catalina]
22-Dec-2021 19:11:44.900 信息 [Thread-3] org.apache.coyote.AbstractProtocol.stop 正在停止ProtocolHandler ["http-nio-8080"]
22-Dec-2021 19:11:44.962 信息 [Thread-3] org.apache.coyote.AbstractProtocol.destroy 正在摧毁协议处理器 ["http-nio-8080"]
