
2021-12-27 17:17:19 Apache Commons Daemon procrun stderr initialized.
27-Dec-2021 17:17:24.693 信息 [main] org.apache.catalina.startup.VersionLoggerListener.log Server.服务器版本: Apache Tomcat/9.0.54
27-Dec-2021 17:17:24.750 信息 [main] org.apache.catalina.startup.VersionLoggerListener.log 服务器构建:        Sep 28 2021 13:51:49 UTC
27-Dec-2021 17:17:24.750 信息 [main] org.apache.catalina.startup.VersionLoggerListener.log 服务器版本号:      9.0.54.0
27-Dec-2021 17:17:24.750 信息 [main] org.apache.catalina.startup.VersionLoggerListener.log 操作系统名称:      Windows 10
27-Dec-2021 17:17:24.750 信息 [main] org.apache.catalina.startup.VersionLoggerListener.log OS.版本:           10.0
27-Dec-2021 17:17:24.751 信息 [main] org.apache.catalina.startup.VersionLoggerListener.log 架构:              amd64
27-Dec-2021 17:17:24.751 信息 [main] org.apache.catalina.startup.VersionLoggerListener.log Java 环境变量:     D:\Software\JavaJDK\jdk1.8.0_311\jre
27-Dec-2021 17:17:24.751 信息 [main] org.apache.catalina.startup.VersionLoggerListener.log Java虚拟机版本:    1.8.0_311-b11
27-Dec-2021 17:17:24.751 信息 [main] org.apache.catalina.startup.VersionLoggerListener.log JVM.供应商:        Oracle Corporation
27-Dec-2021 17:17:24.752 信息 [main] org.apache.catalina.startup.VersionLoggerListener.log CATALINA_BASE:     D:\Software\tomcat9
27-Dec-2021 17:17:24.752 信息 [main] org.apache.catalina.startup.VersionLoggerListener.log CATALINA_HOME:     D:\Software\tomcat9
27-Dec-2021 17:17:24.791 信息 [main] org.apache.catalina.startup.VersionLoggerListener.log 命令行参数：       -Dcatalina.home=D:\Software\tomcat9
27-Dec-2021 17:17:24.791 信息 [main] org.apache.catalina.startup.VersionLoggerListener.log 命令行参数：       -Dcatalina.base=D:\Software\tomcat9
27-Dec-2021 17:17:24.791 信息 [main] org.apache.catalina.startup.VersionLoggerListener.log 命令行参数：       -Djava.io.tmpdir=D:\Software\tomcat9\temp
27-Dec-2021 17:17:24.791 信息 [main] org.apache.catalina.startup.VersionLoggerListener.log 命令行参数：       -Djava.util.logging.manager=org.apache.juli.ClassLoaderLogManager
27-Dec-2021 17:17:24.791 信息 [main] org.apache.catalina.startup.VersionLoggerListener.log 命令行参数：       -Djava.util.logging.config.file=D:\Software\tomcat9\conf\logging.properties
27-Dec-2021 17:17:24.791 信息 [main] org.apache.catalina.startup.VersionLoggerListener.log 命令行参数：       exit
27-Dec-2021 17:17:24.792 信息 [main] org.apache.catalina.startup.VersionLoggerListener.log 命令行参数：       abort
27-Dec-2021 17:17:24.792 信息 [main] org.apache.catalina.startup.VersionLoggerListener.log 命令行参数：       -Xms128m
27-Dec-2021 17:17:24.792 信息 [main] org.apache.catalina.startup.VersionLoggerListener.log 命令行参数：       -Xmx256m
27-Dec-2021 17:17:24.802 信息 [main] org.apache.catalina.core.AprLifecycleListener.lifecycleEvent 在java.library.path:[D:\Software\tomcat9\bin;C:\Windows\Sun\Java\bin;C:\Windows\system32;C:\Windows;D:\Software\JavaJDK\jdk1.8.0_311\jre\bin;C:\Windows\system32;C:\Windows;C:\Windows\System32\Wbem;C:\Windows\System32\WindowsPowerShell\v1.0\;C:\Windows\System32\OpenSSH\;C:\Program Files (x86)\NVIDIA Corporation\PhysX\Common;D:\Software\MATLAB\bin;C:\Program Files\dotnet\;D:\Software\Git\cmd;D:\Software\nodejs\;C:\Windows\ServiceProfiles\LocalService\AppData\Local\Microsoft\WindowsApps;.]上找不到基于APR的Apache Tomcat本机库，该库允许在生产环境中获得最佳性能
27-Dec-2021 17:17:27.571 信息 [main] org.apache.coyote.AbstractProtocol.init 初始化协议处理器 ["http-nio-8080"]
27-Dec-2021 17:17:27.614 信息 [main] org.apache.catalina.startup.Catalina.load 服务器在[3532]毫秒内初始化
27-Dec-2021 17:17:27.714 信息 [main] org.apache.catalina.core.StandardService.startInternal 正在启动服务[Catalina]
27-Dec-2021 17:17:27.715 信息 [main] org.apache.catalina.core.StandardEngine.startInternal 正在启动 Servlet 引擎：[Apache Tomcat/9.0.54]
27-Dec-2021 17:17:27.737 信息 [main] org.apache.catalina.startup.HostConfig.deployDirectory 把web 应用程序部署到目录 [D:\Software\tomcat9\webapps\docs]
27-Dec-2021 17:17:29.389 警告 [main] org.apache.catalina.util.SessionIdGeneratorBase.createSecureRandom 使用[SHA1PRNG]创建会话ID生成的SecureRandom实例花费了[824]毫秒。
27-Dec-2021 17:17:29.432 信息 [main] org.apache.catalina.startup.HostConfig.deployDirectory Web应用程序目录[D:\Software\tomcat9\webapps\docs]的部署已在[1,695]毫秒内完成
27-Dec-2021 17:17:29.433 信息 [main] org.apache.catalina.startup.HostConfig.deployDirectory 把web 应用程序部署到目录 [D:\Software\tomcat9\webapps\manager]
27-Dec-2021 17:17:29.526 信息 [main] org.apache.catalina.startup.HostConfig.deployDirectory Web应用程序目录[D:\Software\tomcat9\webapps\manager]的部署已在[92]毫秒内完成
27-Dec-2021 17:17:29.526 信息 [main] org.apache.catalina.startup.HostConfig.deployDirectory 把web 应用程序部署到目录 [D:\Software\tomcat9\webapps\ROOT]
27-Dec-2021 17:17:29.576 信息 [main] org.apache.catalina.startup.HostConfig.deployDirectory Web应用程序目录[D:\Software\tomcat9\webapps\ROOT]的部署已在[50]毫秒内完成
27-Dec-2021 17:17:29.582 信息 [main] org.apache.coyote.AbstractProtocol.start 开始协议处理句柄["http-nio-8080"]
27-Dec-2021 17:17:29.619 信息 [main] org.apache.catalina.startup.Catalina.start [2005]毫秒后服务器启动
01-Jan-2022 23:17:35.957 信息 [Thread-4] org.apache.coyote.AbstractProtocol.pause 暂停ProtocolHandler["http-nio-8080"]
01-Jan-2022 23:17:36.461 信息 [Thread-4] org.apache.catalina.core.StandardService.stopInternal 正在停止服务[Catalina]
01-Jan-2022 23:17:36.649 信息 [Thread-4] org.apache.coyote.AbstractProtocol.stop 正在停止ProtocolHandler ["http-nio-8080"]
01-Jan-2022 23:17:36.696 信息 [Thread-4] org.apache.coyote.AbstractProtocol.destroy 正在摧毁协议处理器 ["http-nio-8080"]
